e:\testcode\webrtc_aecm\webrtc_all\debug\webrtc_all.pdb
e:\testcode\webrtc_aecm\webrtc_all\debug\webrtc_all.idb
e:\testcode\webrtc_aecm\webrtc_all\debug\norm_w16.obj
e:\testcode\webrtc_aecm\webrtc_all\debug\norm_w32.obj
e:\testcode\webrtc_aecm\webrtc_all\debug\nsx_core.obj
e:\testcode\webrtc_aecm\webrtc_all\debug\nsx_core_neon.obj
e:\testcode\webrtc_aecm\webrtc_all\debug\ns_core.obj
e:\testcode\webrtc_aecm\webrtc_all\debug\randn_table.obj
e:\testcode\webrtc_aecm\webrtc_all\debug\randomization_functions.obj
e:\testcode\webrtc_aecm\webrtc_all\debug\resampler.obj
e:\testcode\webrtc_aecm\webrtc_all\debug\resample_by_2.obj
e:\testcode\webrtc_aecm\webrtc_all\debug\ring_buffer.obj
e:\testcode\webrtc_aecm\webrtc_all\debug\sin_table.obj
e:\testcode\webrtc_aecm\webrtc_all\debug\sin_table_1024.obj
e:\testcode\webrtc_aecm\webrtc_all\debug\spl_sqrt.obj
e:\testcode\webrtc_aecm\webrtc_all\debug\spl_sqrt_floor.obj
e:\testcode\webrtc_aecm\webrtc_all\debug\vad_const.obj
e:\testcode\webrtc_aecm\webrtc_all\debug\vad_core.obj
e:\testcode\webrtc_aecm\webrtc_all\debug\vad_filterbank.obj
e:\testcode\webrtc_aecm\webrtc_all\debug\vad_gmm.obj
e:\testcode\webrtc_aecm\webrtc_all\debug\vad_sp.obj
e:\testcode\webrtc_aecm\webrtc_all\debug\webrtc_vad.obj
e:\testcode\webrtc_aecm\webrtc_all\debug\aec_rdft_sse2.obj
e:\testcode\webrtc_aecm\webrtc_all\debug\analog_agc.obj
e:\testcode\webrtc_aecm\webrtc_all\debug\complex_bit_reverse.obj
e:\testcode\webrtc_aecm\webrtc_all\debug\complex_fft.obj
e:\testcode\webrtc_aecm\webrtc_all\debug\complex_ifft.obj
e:\testcode\webrtc_aecm\webrtc_all\debug\copy_set_operations.obj
e:\testcode\webrtc_aecm\webrtc_all\debug\cos_table.obj
e:\testcode\webrtc_aecm\webrtc_all\debug\digital_agc.obj
e:\testcode\webrtc_aecm\webrtc_all\debug\division_operations.obj
e:\testcode\webrtc_aecm\webrtc_all\debug\dot_product_with_scale.obj
e:\testcode\webrtc_aecm\webrtc_all\debug\echo_cancellation.obj
e:\testcode\webrtc_aecm\webrtc_all\debug\echo_control_mobile.obj
e:\testcode\webrtc_aecm\webrtc_all\debug\energy.obj
e:\testcode\webrtc_aecm\webrtc_all\debug\fft4g.obj
e:\testcode\webrtc_aecm\webrtc_all\debug\get_scaling_square.obj
e:\testcode\webrtc_aecm\webrtc_all\debug\get_size_in_bits.obj
e:\testcode\webrtc_aecm\webrtc_all\debug\min_max_operations.obj
e:\testcode\webrtc_aecm\webrtc_all\debug\noise_suppression.obj
e:\testcode\webrtc_aecm\webrtc_all\debug\noise_suppression_x.obj
e:\testcode\webrtc_aecm\webrtc_all\debug\norm_u32.obj
e:\testcode\webrtc_aecm\webrtc_all\debug\add_sat_w16.obj
e:\testcode\webrtc_aecm\webrtc_all\debug\add_sat_w32.obj
e:\testcode\webrtc_aecm\webrtc_all\debug\aecm_core.obj
e:\testcode\webrtc_aecm\webrtc_all\debug\aecm_core_neon.obj
e:\testcode\webrtc_aecm\webrtc_all\debug\aecm_delay_estimator.obj
e:\testcode\webrtc_aecm\webrtc_all\debug\aec_core.obj
e:\testcode\webrtc_aecm\webrtc_all\debug\aec_core_sse2.obj
e:\testcode\webrtc_aecm\webrtc_all\debug\aec_rdft.obj
e:\testcode\webrtc_aecm\webrtc_all\debug\cpu_features.obj
e:\testcode\webrtc_aecm\debug\webrtc_all.lib
e:\testcode\webrtc_aecm\debug\webrtc_all.pdb
e:\testcode\webrtc_aecm\webrtc_all\debug\webrtc_all.tlog\cl.command.1.tlog
e:\testcode\webrtc_aecm\webrtc_all\debug\webrtc_all.tlog\cl.read.1.tlog
e:\testcode\webrtc_aecm\webrtc_all\debug\webrtc_all.tlog\cl.write.1.tlog
e:\testcode\webrtc_aecm\webrtc_all\debug\webrtc_all.tlog\lib-link.read.1.tlog
e:\testcode\webrtc_aecm\webrtc_all\debug\webrtc_all.tlog\lib-link.write.1.tlog
e:\testcode\webrtc_aecm\webrtc_all\debug\webrtc_all.tlog\lib.command.1.tlog
