e:\testcode\webrtc_aecm\webrtc_aec\debug\vc140.pdb
e:\testcode\webrtc_aecm\webrtc_aec\debug\vc140.idb
e:\testcode\webrtc_aecm\webrtc_aec\debug\aec_core.obj
e:\testcode\webrtc_aecm\webrtc_aec\debug\aec_core_sse2.obj
e:\testcode\webrtc_aecm\webrtc_aec\debug\aec_rdft.obj
e:\testcode\webrtc_aecm\webrtc_aec\debug\aec_rdft_sse2.obj
e:\testcode\webrtc_aecm\webrtc_aec\debug\echo_cancellation.obj
e:\testcode\webrtc_aecm\webrtc_aec\debug\randn_table.obj
e:\testcode\webrtc_aecm\webrtc_aec\debug\randomization_functions.obj
e:\testcode\webrtc_aecm\webrtc_aec\debug\resampler.obj
e:\testcode\webrtc_aecm\webrtc_aec\debug\ring_buffer.obj
e:\testcode\webrtc_aecm\webrtc_aec\debug\cpu_features.obj
e:\testcode\webrtc_aecm\webrtc_aec\debug\testaec.obj
e:\testcode\webrtc_aecm\debug\webrtc_aec.ilk
e:\testcode\webrtc_aecm\debug\webrtc_aec.exe
e:\testcode\webrtc_aecm\debug\webrtc_aec.pdb
e:\testcode\webrtc_aecm\webrtc_aec\debug\webrtc_aec.tlog\cl.command.1.tlog
e:\testcode\webrtc_aecm\webrtc_aec\debug\webrtc_aec.tlog\cl.read.1.tlog
e:\testcode\webrtc_aecm\webrtc_aec\debug\webrtc_aec.tlog\cl.write.1.tlog
e:\testcode\webrtc_aecm\webrtc_aec\debug\webrtc_aec.tlog\link.command.1.tlog
e:\testcode\webrtc_aecm\webrtc_aec\debug\webrtc_aec.tlog\link.read.1.tlog
e:\testcode\webrtc_aecm\webrtc_aec\debug\webrtc_aec.tlog\link.write.1.tlog
