e:\testcode\webrtc_aecm\webrtc_ns\debug\vc140.pdb
e:\testcode\webrtc_aecm\webrtc_ns\debug\vc140.idb
e:\testcode\webrtc_aecm\webrtc_ns\debug\complex_bit_reverse.obj
e:\testcode\webrtc_aecm\webrtc_ns\debug\complex_fft.obj
e:\testcode\webrtc_aecm\webrtc_ns\debug\complex_ifft.obj
e:\testcode\webrtc_aecm\webrtc_ns\debug\copy_set_operations.obj
e:\testcode\webrtc_aecm\webrtc_ns\debug\division_operations.obj
e:\testcode\webrtc_aecm\webrtc_ns\debug\energy.obj
e:\testcode\webrtc_aecm\webrtc_ns\debug\fft4g.obj
e:\testcode\webrtc_aecm\webrtc_ns\debug\get_scaling_square.obj
e:\testcode\webrtc_aecm\webrtc_ns\debug\get_size_in_bits.obj
e:\testcode\webrtc_aecm\webrtc_ns\debug\min_max_operations.obj
e:\testcode\webrtc_aecm\webrtc_ns\debug\noise_suppression.obj
e:\testcode\webrtc_aecm\webrtc_ns\debug\noise_suppression_x.obj
e:\testcode\webrtc_aecm\webrtc_ns\debug\norm_u32.obj
e:\testcode\webrtc_aecm\webrtc_ns\debug\norm_w16.obj
e:\testcode\webrtc_aecm\webrtc_ns\debug\norm_w32.obj
e:\testcode\webrtc_aecm\webrtc_ns\debug\nsx_core.obj
e:\testcode\webrtc_aecm\webrtc_ns\debug\nsx_core_neon.obj
e:\testcode\webrtc_aecm\webrtc_ns\debug\ns_core.obj
e:\testcode\webrtc_aecm\webrtc_ns\debug\sin_table_1024.obj
e:\testcode\webrtc_aecm\webrtc_ns\debug\spl_sqrt.obj
e:\testcode\webrtc_aecm\webrtc_ns\debug\add_sat_w16.obj
e:\testcode\webrtc_aecm\webrtc_ns\debug\testns.obj
e:\testcode\webrtc_aecm\debug\webrtc_ns.ilk
e:\testcode\webrtc_aecm\debug\webrtc_ns.exe
e:\testcode\webrtc_aecm\debug\webrtc_ns.pdb
e:\testcode\webrtc_aecm\webrtc_ns\debug\webrtc_ns.tlog\cl.command.1.tlog
e:\testcode\webrtc_aecm\webrtc_ns\debug\webrtc_ns.tlog\cl.read.1.tlog
e:\testcode\webrtc_aecm\webrtc_ns\debug\webrtc_ns.tlog\cl.write.1.tlog
e:\testcode\webrtc_aecm\webrtc_ns\debug\webrtc_ns.tlog\link.command.1.tlog
e:\testcode\webrtc_aecm\webrtc_ns\debug\webrtc_ns.tlog\link.read.1.tlog
e:\testcode\webrtc_aecm\webrtc_ns\debug\webrtc_ns.tlog\link.write.1.tlog
