e:\testcode\webrtc_aecm\webrtc_aecm\debug\vc140.pdb
e:\testcode\webrtc_aecm\webrtc_aecm\debug\vc140.idb
e:\testcode\webrtc_aecm\webrtc_aecm\debug\add_sat_w32.obj
e:\testcode\webrtc_aecm\webrtc_aecm\debug\aecm_core.obj
e:\testcode\webrtc_aecm\webrtc_aecm\debug\aecm_core_neon.obj
e:\testcode\webrtc_aecm\webrtc_aecm\debug\aecm_delay_estimator.obj
e:\testcode\webrtc_aecm\webrtc_aecm\debug\complex_bit_reverse.obj
e:\testcode\webrtc_aecm\webrtc_aecm\debug\complex_fft.obj
e:\testcode\webrtc_aecm\webrtc_aecm\debug\complex_ifft.obj
e:\testcode\webrtc_aecm\webrtc_aecm\debug\cos_table.obj
e:\testcode\webrtc_aecm\webrtc_aecm\debug\division_operations.obj
e:\testcode\webrtc_aecm\webrtc_aecm\debug\echo_control_mobile.obj
e:\testcode\webrtc_aecm\webrtc_aecm\debug\min_max_operations.obj
e:\testcode\webrtc_aecm\webrtc_aecm\debug\norm_u32.obj
e:\testcode\webrtc_aecm\webrtc_aecm\debug\norm_w16.obj
e:\testcode\webrtc_aecm\webrtc_aecm\debug\norm_w32.obj
e:\testcode\webrtc_aecm\webrtc_aecm\debug\randn_table.obj
e:\testcode\webrtc_aecm\webrtc_aecm\debug\randomization_functions.obj
e:\testcode\webrtc_aecm\webrtc_aecm\debug\ring_buffer.obj
e:\testcode\webrtc_aecm\webrtc_aecm\debug\sin_table.obj
e:\testcode\webrtc_aecm\webrtc_aecm\debug\sin_table_1024.obj
e:\testcode\webrtc_aecm\webrtc_aecm\debug\spl_sqrt_floor.obj
e:\testcode\webrtc_aecm\webrtc_aecm\debug\add_sat_w16.obj
e:\testcode\webrtc_aecm\webrtc_aecm\debug\testaecm.obj
e:\testcode\webrtc_aecm\debug\webrtc_aecm.ilk
e:\testcode\webrtc_aecm\debug\webrtc_aecm.exe
e:\testcode\webrtc_aecm\debug\webrtc_aecm.pdb
e:\testcode\webrtc_aecm\webrtc_aecm\debug\webrtc_aecm.tlog\cl.command.1.tlog
e:\testcode\webrtc_aecm\webrtc_aecm\debug\webrtc_aecm.tlog\cl.read.1.tlog
e:\testcode\webrtc_aecm\webrtc_aecm\debug\webrtc_aecm.tlog\cl.write.1.tlog
e:\testcode\webrtc_aecm\webrtc_aecm\debug\webrtc_aecm.tlog\link.command.1.tlog
e:\testcode\webrtc_aecm\webrtc_aecm\debug\webrtc_aecm.tlog\link.read.1.tlog
e:\testcode\webrtc_aecm\webrtc_aecm\debug\webrtc_aecm.tlog\link.write.1.tlog
