e:\testcode\webrtc_aecm\webrtc_agc\debug\vc140.pdb
e:\testcode\webrtc_aecm\webrtc_agc\debug\vc140.idb
e:\testcode\webrtc_aecm\webrtc_agc\debug\add_sat_w16.obj
e:\testcode\webrtc_aecm\webrtc_agc\debug\analog_agc.obj
e:\testcode\webrtc_aecm\webrtc_agc\debug\copy_set_operations.obj
e:\testcode\webrtc_aecm\webrtc_agc\debug\digital_agc.obj
e:\testcode\webrtc_aecm\webrtc_agc\debug\division_operations.obj
e:\testcode\webrtc_aecm\webrtc_agc\debug\dot_product_with_scale.obj
e:\testcode\webrtc_aecm\webrtc_agc\debug\norm_u32.obj
e:\testcode\webrtc_aecm\webrtc_agc\debug\norm_w32.obj
e:\testcode\webrtc_aecm\webrtc_agc\debug\resample_by_2.obj
e:\testcode\webrtc_aecm\webrtc_agc\debug\spl_sqrt.obj
e:\testcode\webrtc_aecm\webrtc_agc\debug\testagc.obj
e:\testcode\webrtc_aecm\debug\webrtc_agc.ilk
e:\testcode\webrtc_aecm\debug\webrtc_agc.exe
e:\testcode\webrtc_aecm\debug\webrtc_agc.pdb
e:\testcode\webrtc_aecm\webrtc_agc\debug\webrtc_agc.tlog\cl.command.1.tlog
e:\testcode\webrtc_aecm\webrtc_agc\debug\webrtc_agc.tlog\cl.read.1.tlog
e:\testcode\webrtc_aecm\webrtc_agc\debug\webrtc_agc.tlog\cl.write.1.tlog
e:\testcode\webrtc_aecm\webrtc_agc\debug\webrtc_agc.tlog\link.command.1.tlog
e:\testcode\webrtc_aecm\webrtc_agc\debug\webrtc_agc.tlog\link.read.1.tlog
e:\testcode\webrtc_aecm\webrtc_agc\debug\webrtc_agc.tlog\link.write.1.tlog
