e:\testcode\webrtc_aecm\webrtc_vad\debug\vc140.pdb
e:\testcode\webrtc_aecm\webrtc_vad\debug\vc140.idb
e:\testcode\webrtc_aecm\webrtc_vad\debug\division_operations.obj
e:\testcode\webrtc_aecm\webrtc_vad\debug\energy.obj
e:\testcode\webrtc_aecm\webrtc_vad\debug\get_scaling_square.obj
e:\testcode\webrtc_aecm\webrtc_vad\debug\get_size_in_bits.obj
e:\testcode\webrtc_aecm\webrtc_vad\debug\norm_u32.obj
e:\testcode\webrtc_aecm\webrtc_vad\debug\norm_w32.obj
e:\testcode\webrtc_aecm\webrtc_vad\debug\vad_const.obj
e:\testcode\webrtc_aecm\webrtc_vad\debug\vad_core.obj
e:\testcode\webrtc_aecm\webrtc_vad\debug\vad_filterbank.obj
e:\testcode\webrtc_aecm\webrtc_vad\debug\vad_gmm.obj
e:\testcode\webrtc_aecm\webrtc_vad\debug\vad_sp.obj
e:\testcode\webrtc_aecm\webrtc_vad\debug\webrtc_vad.obj
e:\testcode\webrtc_aecm\webrtc_vad\debug\testvad.obj
e:\testcode\webrtc_aecm\debug\webrtc_vad.ilk
e:\testcode\webrtc_aecm\debug\webrtc_vad.exe
e:\testcode\webrtc_aecm\debug\webrtc_vad.pdb
e:\testcode\webrtc_aecm\webrtc_vad\debug\webrtc_vad.tlog\cl.command.1.tlog
e:\testcode\webrtc_aecm\webrtc_vad\debug\webrtc_vad.tlog\cl.read.1.tlog
e:\testcode\webrtc_aecm\webrtc_vad\debug\webrtc_vad.tlog\cl.write.1.tlog
e:\testcode\webrtc_aecm\webrtc_vad\debug\webrtc_vad.tlog\link.command.1.tlog
e:\testcode\webrtc_aecm\webrtc_vad\debug\webrtc_vad.tlog\link.read.1.tlog
e:\testcode\webrtc_aecm\webrtc_vad\debug\webrtc_vad.tlog\link.write.1.tlog
